[2024-04-03 13:39:37] Codigo producto: 123 Id categoria: 12 Descripcion: Prueba 1020 Precio compra: 10020 Precio venta: 101010 Utilidad: 90990.00 Stock: 1010 Minimo stock: 1010
[2024-04-03 13:40:53] Codigo producto: 99999 Id categoria: 10 Descripcion: Aceite Baratija Precio compra: 1500 Precio venta: 1200 Utilidad: -300.00 Stock: 2500 Minimo stock: 2500
[2024-04-03 13:40:53] Resultado: ok
[2024-04-03 13:53:48] Codigo producto: 99999 Id categoria: 12 Descripcion: Prueba 1234 Precio compra: 1020 Precio venta: 100 Utilidad: -920.00 Stock: 111 Minimo stock: 1111
[2024-04-03 13:53:48] Resultado: ok
[2024-04-03 14:17:30] Codigo producto: 9871 Id categoria: 5 Descripcion: 111111 Precio compra: 12222 Precio venta: 222222 Utilidad: 210000.00 Stock: 123 Minimo stock: 123
[2024-04-03 14:17:30] Resultado: ok
[2024-04-03 14:19:33] Codigo producto: 1500 Id categoria: 16 Descripcion: Prueba Precio compra: 1850 Precio venta: 2500 Utilidad: 650.00 Stock: 100 Minimo stock: 125
[2024-04-03 14:19:33] Resultado: ok
[2024-04-03 15:12:07] Codigo producto: 99887766 Id categoria: 20 Descripcion: Prueba Carnes Precio compra: 15000 Precio venta: 18000 Utilidad: 3000.00 Stock: 1000 Minimo stock: 8000
[2024-04-03 15:12:07] Resultado: ok
[2024-04-04 10:39:47] Tabla: productos Data: Array Id: 7755139002809 NameId: codigo_producto
[2024-04-04 10:40:59] Tabla: productos Id: 7755139002809 NameId: codigo_producto
[2024-04-04 10:40:59] Keycodigo_producto Value: 7755139002809
[2024-04-04 10:40:59] Keystock_producto Value: 12
[2024-04-04 10:42:48] Tabla: productos Id: 7755139002809 NameId: codigo_producto
[2024-04-04 10:42:48] Keycodigo_producto Value: 7755139002809
[2024-04-04 10:42:48] Keystock_producto Value: 12
[2024-04-04 10:42:48] set antes de substr: codigo_producto = 7755139002809, stock_producto = 12, 
[2024-04-04 10:42:48] set despues de substr: codigo_producto = 7755139002809, stock_producto = 12,
[2024-04-04 10:43:52] Tabla: productos Id: 7755139002809 NameId: codigo_producto
[2024-04-04 10:43:52] Keycodigo_producto Value: 7755139002809
[2024-04-04 10:43:52] Keystock_producto Value: 13
[2024-04-04 10:43:52] set antes de substr: codigo_producto = 7755139002809, stock_producto = 13, 
[2024-04-04 10:43:52] set despues de substr: codigo_producto = 7755139002809, stock_producto = 13
[2024-04-04 10:53:21] Tabla: productos Id: 7755139002809 NameId: codigo_producto
[2024-04-04 10:53:21] Keycodigo_producto Value: 7755139002809
[2024-04-04 10:53:21] Keystock_producto Value: 23
[2024-04-04 10:53:21] set antes de substr: codigo_producto = 7755139002809, stock_producto = 23, 
[2024-04-04 10:53:21] set despues de substr: codigo_producto = 7755139002809, stock_producto = 23
[2024-04-04 10:53:21] UPDATE productos SET codigo_producto = 7755139002809, stock_producto = 23 WHERE codigo_producto = :codigo_producto
[2024-04-04 10:53:46] Tabla: productos Id: 7755139002809 NameId: codigo_producto
[2024-04-04 10:53:46] Keycodigo_producto Value: 7755139002809
[2024-04-04 10:53:46] Keystock_producto Value: 13
[2024-04-04 10:53:46] set antes de substr: codigo_producto = 7755139002809, stock_producto = 13, 
[2024-04-04 10:53:46] set despues de substr: codigo_producto = 7755139002809, stock_producto = 13
[2024-04-04 10:53:46] UPDATE productos SET codigo_producto = 7755139002809, stock_producto = 13 WHERE codigo_producto = :codigo_producto
[2024-04-04 12:27:03] Set: id_categoria_producto = :id_categoria_producto, descripcion_producto = :descripcion_producto, precio_compra_producto = :precio_compra_producto, precio_venta_producto = :precio_venta_producto, utilidad = :utilidad, stock_producto = :stock_producto, minimo_stock_producto = :minimo_stock_producto
[2024-04-04 12:28:29] Set: id_categoria_producto = :id_categoria_producto, descripcion_producto = :descripcion_producto, precio_compra_producto = :precio_compra_producto, precio_venta_producto = :precio_venta_producto, utilidad = :utilidad, stock_producto = :stock_producto, minimo_stock_producto = :minimo_stock_producto
[2024-04-04 12:28:59] Set: id_categoria_producto = :id_categoria_producto, descripcion_producto = :descripcion_producto, precio_compra_producto = :precio_compra_producto, precio_venta_producto = :precio_venta_producto, utilidad = :utilidad, stock_producto = :stock_producto, minimo_stock_producto = :minimo_stock_producto
[2024-04-04 12:33:45] Set: id_categoria_producto = :id_categoria_producto, descripcion_producto = :descripcion_producto, precio_compra_producto = :precio_compra_producto, precio_venta_producto = :precio_venta_producto, utilidad = :utilidad, stock_producto = :stock_producto, minimo_stock_producto = :minimo_stock_producto
